0 info it worked if it ends with ok
1 verbose cli [ '/usr/local/bin/node', '/usr/local/bin/npm', 'publish' ]
2 info using npm@2.15.1
3 info using node@v4.4.4
4 verbose publish [ '.' ]
5 silly cache add args [ '.', null ]
6 verbose cache add spec .
7 silly cache add parsed spec Result {
7 silly cache add   raw: '.',
7 silly cache add   scope: null,
7 silly cache add   name: null,
7 silly cache add   rawSpec: '.',
7 silly cache add   spec: '/Users/ma/repo/stub-server',
7 silly cache add   type: 'directory' }
8 verbose addLocalDirectory /Users/ma/.npm/stub-server-node/1.1.0/package.tgz not in flight; packing
9 verbose correctMkdir /Users/ma/.npm correctMkdir not in flight; initializing
10 verbose tar pack [ '/Users/ma/.npm/stub-server-node/1.1.0/package.tgz',
10 verbose tar pack   '/Users/ma/repo/stub-server' ]
11 verbose tarball /Users/ma/.npm/stub-server-node/1.1.0/package.tgz
12 verbose folder /Users/ma/repo/stub-server
13 info prepublish stub-server-node@1.1.0
14 verbose addLocalTarball adding from inside cache /Users/ma/.npm/stub-server-node/1.1.0/package.tgz
15 verbose correctMkdir /Users/ma/.npm correctMkdir not in flight; initializing
16 silly cache afterAdd stub-server-node@1.1.0
17 verbose afterAdd /Users/ma/.npm/stub-server-node/1.1.0/package/package.json not in flight; writing
18 verbose correctMkdir /Users/ma/.npm correctMkdir not in flight; initializing
19 verbose afterAdd /Users/ma/.npm/stub-server-node/1.1.0/package/package.json written
20 silly publish { name: 'stub-server-node',
20 silly publish   version: '1.1.0',
20 silly publish   description: 'it\'s stub server for nodejs, could be used for subbing http API',
20 silly publish   main: 'index.js',
20 silly publish   scripts: { test: 'mocha ./test/*.spec.js' },
20 silly publish   keywords: [ 'nodejs', 'stub', 'server' ],
20 silly publish   author: { name: 'Mikhail Angelov' },
20 silly publish   license: 'MIT',
20 silly publish   dependencies: { httpdispatcher: '^1.0.0' },
20 silly publish   devDependencies: { chai: '^3.5.0', mocha: '^3.1.0' },
20 silly publish   readme: '# stub-server\n\n[![Build Status](https://travis-ci.org/mikhail-angelov/stub-server.svg?branch=master)](https://travis-ci.org/mikhail-angelov/stub-server)\n\n> This is stub server based on node.js. \n> It was inspired by [stubby4node](https://github.com/mrak/stubby4node) but it have minimum feature set, which are required to stub simple REST api for varios end 2 end test for UI applications\n\n# Install\n\n```\nnpm install stub-server-node --save-dev\n```\n\n# Basic Usage\n\nThis code will generate translation json files based on google spreadsheet:\n\n```javascript\nconst stub= require(\'stub-server-node\');\n//to start\nvar options = {\n\tstubs:[\'<stub file 1>\', \'<stub file 2>\']\n};\nstub.serve(options);\n\n//to stop\nstub.stop();\n```\n\n### Options\n\n#### stubs **mandatory** \nType: `Array of Strings`\n\nList of json files with http schema, example:\n```\n{\n  "request": {\n    "url": "/api/test",\n    "method": "POST"\n  },\n  "response": {\n    "status": 200,\n    "headers": {\n      "Content-Type": "application/json"\n    },\n    "body": {\n      "result": "ok"\n    }\n  }\n}\n```\n\n\n#### port **optional**\nType: `Number`\n\ndefault port is `8888`\n\n#### serts **optional**\nType: `Object`\n`\n{\n\tkey: \'<path for cert key>\',\n\tcert: \'<path for cert>\'\n}\n`\ndefault serts is null\n\n#### tls_port **optional**\nType: `Number`\n\ndefault port is `8887`\n',
20 silly publish   readmeFilename: 'README.md',
20 silly publish   gitHead: 'd8f9e4d14c766dd0ec05a5fd929718d993c504d1',
20 silly publish   _id: 'stub-server-node@1.1.0',
20 silly publish   _shasum: 'ba9042640c6e1bbf3690ff689f01c000c0794c69',
20 silly publish   _from: '.' }
21 verbose getPublishConfig undefined
22 silly mapToRegistry name stub-server-node
23 silly mapToRegistry using default registry
24 silly mapToRegistry registry https://registry.npmjs.org/
25 silly mapToRegistry data Result {
25 silly mapToRegistry   raw: 'stub-server-node',
25 silly mapToRegistry   scope: null,
25 silly mapToRegistry   name: 'stub-server-node',
25 silly mapToRegistry   rawSpec: '',
25 silly mapToRegistry   spec: 'latest',
25 silly mapToRegistry   type: 'tag' }
26 silly mapToRegistry uri https://registry.npmjs.org/stub-server-node
27 verbose publish registryBase https://registry.npmjs.org/
28 silly publish uploading /Users/ma/.npm/stub-server-node/1.1.0/package.tgz
29 verbose request uri https://registry.npmjs.org/stub-server-node
30 verbose request sending authorization for write operation
31 info attempt registry request try #1 at 5:04:52 PM
32 verbose request using bearer token for auth
33 verbose request id 1a449cedb0e6e011
34 http request PUT https://registry.npmjs.org/stub-server-node
35 http 403 https://registry.npmjs.org/stub-server-node
36 verbose headers { 'content-type': 'application/json',
36 verbose headers   'cache-control': 'max-age=300',
36 verbose headers   'content-length': '95',
36 verbose headers   'accept-ranges': 'bytes',
36 verbose headers   date: 'Wed, 05 Oct 2016 14:04:54 GMT',
36 verbose headers   via: '1.1 varnish',
36 verbose headers   connection: 'keep-alive',
36 verbose headers   'x-served-by': 'cache-lhr6349-LHR',
36 verbose headers   'x-cache': 'MISS',
36 verbose headers   'x-cache-hits': '0',
36 verbose headers   'x-timer': 'S1475676293.054178,VS0,VE1092',
36 verbose headers   vary: 'Accept-Encoding' }
37 verbose request invalidating /Users/ma/.npm/registry.npmjs.org/stub-server-node on PUT
38 error publish Failed PUT 403
39 verbose stack Error: "You cannot publish over the previously published version 1.1.0." : stub-server-node
39 verbose stack     at makeError (/usr/local/lib/node_modules/npm/node_modules/npm-registry-client/lib/request.js:264:12)
39 verbose stack     at CachingRegistryClient.<anonymous> (/usr/local/lib/node_modules/npm/node_modules/npm-registry-client/lib/request.js:252:14)
39 verbose stack     at Request._callback (/usr/local/lib/node_modules/npm/node_modules/npm-registry-client/lib/request.js:172:14)
39 verbose stack     at Request.self.callback (/usr/local/lib/node_modules/npm/node_modules/request/request.js:199:22)
39 verbose stack     at emitTwo (events.js:87:13)
39 verbose stack     at Request.emit (events.js:172:7)
39 verbose stack     at Request.<anonymous> (/usr/local/lib/node_modules/npm/node_modules/request/request.js:1036:10)
39 verbose stack     at emitOne (events.js:82:20)
39 verbose stack     at Request.emit (events.js:169:7)
39 verbose stack     at IncomingMessage.<anonymous> (/usr/local/lib/node_modules/npm/node_modules/request/request.js:963:12)
40 verbose statusCode 403
41 verbose pkgid stub-server-node
42 verbose cwd /Users/ma/repo/stub-server
43 error Darwin 16.0.0
44 error argv "/usr/local/bin/node" "/usr/local/bin/npm" "publish"
45 error node v4.4.4
46 error npm  v2.15.1
47 error code E403
48 error "You cannot publish over the previously published version 1.1.0." : stub-server-node
49 error If you need help, you may report this error at:
49 error     <https://github.com/npm/npm/issues>
50 verbose exit [ 1, true ]
